<?xml version="1.0" encoding="UTF-8"?>
<testng-results ignored="0" total="1" passed="1" failed="0" skipped="0">
  <reporter-output>
  </reporter-output>
  <suite started-at="2021-09-12T13:42:33 IST" name="Default suite" finished-at="2021-09-12T13:42:34 IST" duration-ms="990">
    <groups>
    </groups>
    <test started-at="2021-09-12T13:42:33 IST" name="Default test" finished-at="2021-09-12T13:42:34 IST" duration-ms="990">
      <class name="Excel.Excel.retrivedatafromexcel">
        <test-method signature="readexcel()[pri:0, instance:Excel.Excel.retrivedatafromexcel@3315d2d7]" started-at="2021-09-12T13:42:33 IST" name="readexcel" finished-at="2021-09-12T13:42:34 IST" duration-ms="930" status="PASS">
          <reporter-output>
          </reporter-output>
        </test-method> <!-- readexcel -->
      </class> <!-- Excel.Excel.retrivedatafromexcel -->
    </test> <!-- Default test -->
  </suite> <!-- Default suite -->
</testng-results>
